<?xml version="1.0" encoding="UTF-8"?>
<testsuite xmlns:xsi="http://www.w3.org/2001/XMLSchema-instance" xsi:noNamespaceSchemaLocation="https://maven.apache.org/surefire/maven-surefire-plugin/xsd/surefire-test-report.xsd" version="3.0.2" name="tests.DogApiBreedImagesTest" time="2.96" tests="7" errors="0" skipped="0" failures="0" flakes="0">
  <properties>
[...]
</properties>
  <testcase name="breedImages_negative_invalidBreed_returnsErrorContract(String)[1]" classname="tests.DogApiBreedImagesTest" time="1.336"/>
  <testcase name="breedImages_negative_incorrectEndpoint_returnsErrorContract" classname="tests.DogApiBreedImagesTest" time="0.278">
    <system-out><![CDATA[Request method:	GET
Request URI:	https://dog.ceo/api/breeds/image/randomx
Proxy:			<none>
Request params:	<none>
Query params:	<none>
Form params:	<none>
Path params:	<none>
Headers:		Accept=*/*
Cookies:		<none>
Multiparts:		<none>
Body:			<none>
]]></system-out>
  </testcase>
  <testcase name="breedImages_happyPath_contractAndConsistency(String)[1]" classname="tests.DogApiBreedImagesTest" time="0.456">
    <system-out><![CDATA[Request method:	GET
Request URI:	https://dog.ceo/api/breed/malinois/images
Proxy:			<none>
Request params:	<none>
Query params:	<none>
Form params:	<none>
Path params:	breed=malinois
Headers:		Accept=*/*
Cookies:		<none>
Multiparts:		<none>
Body:			<none>
]]></system-out>
  </testcase>
  <testcase name="breedImages_negative_invalidBreed_returnsErrorContract(String)[2]" classname="tests.DogApiBreedImagesTest" time="0.471"/>
  <testcase name="breedImages_negative_invalidBreed_returnsErrorContract(String)[3]" classname="tests.DogApiBreedImagesTest" time="0.48"/>
  <testcase name="breedImages_happyPath_contractAndConsistency(String)[2]" classname="tests.DogApiBreedImagesTest" time="0.261"/>
  <testcase name="breedImages_happyPath_contractAndConsistency(String)[3]" classname="tests.DogApiBreedImagesTest" time="0.253"/>
</testsuite>